Lại là chia tay sau những lần không hiểu nhau
Tại vì thơ ngây bao nhiêu lần yêu vỡ nát nữa rồi
Tại vì hôm mưa anh đưa chiếc ô
Đã làm trái tim em có cầu vồng
Mà cầu vồng chỉ có khi mưa vừa tan
Anh cũng rời đi khi anh hết yêu
Vì sợ cô đơn nên em mặc kệ đúng sai
Mặc kệ anh có đưa đôi bàn tay ấm áp cho ai
Chỉ cầu xin anh em đã rất đau
Đừng làm mắt em vương vấn thêm buồn
Dù có yêu trăm người mà trái tim không cười thì vẫn cô đơn vậy thôi
Anh ơi anh ở lại, ở lại với em đi anh ở lại
Đừng làm áng mây trôi trên bầu trời một mình chơi vơi
Bông hoa xinh ngoài vườn nhà
Giờ cũng đã xác xơ bông hoa lụi tàn
Thật nhiều đớn đau
Mà người lo lắng đâu rồi
Vì sợ cô đơn nên em mặc kệ đúng sai
Mặc kệ anh có đưa đôi bàn tay ấm áp cho ai
Chỉ cầu xin anh em đã rất đau
Và đừng làm mắt em vương vấn thêm buồn
Dù có yêu trăm người mà trái tim không cười thì vẫn cô đơn thế thôi
Anh ơi anh ở lại, ở lại với em đi anh ở lại
Đừng làm áng mây trôi trên bầu trời rồi một mình chơi vơi
Bông hoa xinh ngoài vườn nhà
Giờ cũng đã xác xơ bông hoa lụi tàn
Thật nhiều đớn đau
Mà người lo lắng đâu rồi
Anh ơi anh ở lại
Đừng mang cô đơn về lại
Và anh ơi anh, anh ơi anh anh đừng đi...
Anh ơi nên dừng lại, dừng lại để thấy đôi chân em mỏi mệt
Vì chạy phía sau theo anh trong cuộc đời mà anh đâu hay?
Lấp lánh những ánh đèn đường
Hoà cùng một chút mưa giông đang kéo về
Thật nhiều đau đớn
Chẳng còn mạnh mẽ do tình yêu
Lau mi đi em đừng buồn
Vì chuyện lứa đôi đâu ai hiểu được vào một chiều tan vỡ
Một người khóc một người đau